<?xml version="1.0" encoding="UTF-8"?>
<coverage generated="1700731417557" clover="3.2.0">
  <project timestamp="1700731417557" name="All files">
    <metrics statements="11" coveredstatements="9" conditionals="2" coveredconditionals="1" methods="1" coveredmethods="1" elements="14" coveredelements="11" complexity="0" loc="11" ncloc="11" packages="1" files="1" classes="1"/>
    <file name="main.js" path="C:\Users\audita\Documents\devLearning\fullcourse\javascript-modern\23-testing\main.js">
      <metrics statements="11" coveredstatements="9" conditionals="2" coveredconditionals="1" methods="1" coveredmethods="1"/>
      <line num="1" count="2" type="cond" truecount="1" falsecount="0"/>
      <line num="2" count="2" type="cond" truecount="0" falsecount="1"/>
      <line num="3" count="0" type="stmt"/>
      <line num="4" count="0" type="stmt"/>
      <line num="5" count="2" type="stmt"/>
      <line num="6" count="2" type="stmt"/>
      <line num="7" count="1" type="stmt"/>
      <line num="8" count="1" type="stmt"/>
      <line num="9" count="1" type="stmt"/>
      <line num="10" count="1" type="stmt"/>
      <line num="11" count="1" type="stmt"/>
    </file>
  </project>
</coverage>
